2026-06-09T10:53:23.979+03:00  INFO 3228 --- [main] c.workflowsystem.demo.DemoApplication    : Starting DemoApplication using Java 17.0.18 with PID 3228 (D:\Dev\PeProjects\enterprise-workflow-system\workflow-management-backend\target\classes started by Administrator in D:\Dev\PeProjects\enterprise-workflow-system\workflow-management-backend)
2026-06-09T10:53:23.983+03:00 DEBUG 3228 --- [main] c.workflowsystem.demo.DemoApplication    : Running with Spring Boot v3.2.5, Spring v6.1.6
2026-06-09T10:53:23.987+03:00  INFO 3228 --- [main] c.workflowsystem.demo.DemoApplication    : The following 1 profile is active: "dev"
2026-06-09T10:53:25.001+03:00  INFO 3228 --- [main] .s.d.r.c.RepositoryConfigurationDelegate : Bootstrapping Spring Data JPA repositories in DEFAULT mode.
2026-06-09T10:53:25.093+03:00  INFO 3228 --- [main] .s.d.r.c.RepositoryConfigurationDelegate : Finished Spring Data repository scanning in 80 ms. Found 9 JPA repository interfaces.
2026-06-09T10:53:25.802+03:00  INFO 3228 --- [main] o.s.b.w.embedded.tomcat.TomcatWebServer  : Tomcat initialized with port 8080 (http)
2026-06-09T10:53:25.817+03:00  INFO 3228 --- [main] o.apache.catalina.core.StandardService   : Starting service [Tomcat]
2026-06-09T10:53:25.817+03:00  INFO 3228 --- [main] o.apache.catalina.core.StandardEngine    : Starting Servlet engine: [Apache Tomcat/10.1.20]
2026-06-09T10:53:25.895+03:00  INFO 3228 --- [main] o.a.c.c.C.[Tomcat].[localhost].[/]       : Initializing Spring embedded WebApplicationContext
2026-06-09T10:53:25.895+03:00  INFO 3228 --- [main] w.s.c.ServletWebServerApplicationContext : Root WebApplicationContext: initialization completed in 1862 ms
2026-06-09T10:53:26.156+03:00  INFO 3228 --- [main] o.hibernate.jpa.internal.util.LogHelper  : HHH000204: Processing PersistenceUnitInfo [name: default]
2026-06-09T10:53:26.227+03:00  INFO 3228 --- [main] org.hibernate.Version                    : HHH000412: Hibernate ORM core version 6.4.4.Final
2026-06-09T10:53:26.262+03:00  INFO 3228 --- [main] o.h.c.internal.RegionFactoryInitiator    : HHH000026: Second-level cache disabled
2026-06-09T10:53:26.469+03:00  INFO 3228 --- [main] o.s.o.j.p.SpringPersistenceUnitInfo      : No LoadTimeWeaver setup: ignoring JPA class transformer
2026-06-09T10:53:26.496+03:00  INFO 3228 --- [main] com.zaxxer.hikari.HikariDataSource       : HikariPool-1 - Starting...
2026-06-09T10:53:26.751+03:00  INFO 3228 --- [main] com.zaxxer.hikari.pool.HikariPool        : HikariPool-1 - Added connection org.postgresql.jdbc.PgConnection@4a5fab78
2026-06-09T10:53:26.759+03:00  INFO 3228 --- [main] com.zaxxer.hikari.HikariDataSource       : HikariPool-1 - Start completed.
2026-06-09T10:53:26.801+03:00  WARN 3228 --- [main] org.hibernate.orm.deprecation            : HHH90000025: PostgreSQLDialect does not need to be specified explicitly using 'hibernate.dialect' (remove the property setting and it will be selected by default)
2026-06-09T10:53:27.766+03:00  INFO 3228 --- [main] o.h.e.t.j.p.i.JtaPlatformInitiator       : HHH000489: No JTA platform available (set 'hibernate.transaction.jta.platform' to enable JTA platform integration)
2026-06-09T10:53:27.961+03:00  INFO 3228 --- [main] j.LocalContainerEntityManagerFactoryBean : Initialized JPA EntityManagerFactory for persistence unit 'default'
2026-06-09T10:53:28.290+03:00 DEBUG 3228 --- [main] c.w.d.a.s.JwtAuthenticationFilter        : Filter 'jwtAuthenticationFilter' configured for use
2026-06-09T10:53:28.471+03:00  INFO 3228 --- [main] o.s.d.j.r.query.QueryEnhancerFactory     : Hibernate is in classpath; If applicable, HQL parser will be used.
2026-06-09T10:53:28.883+03:00  WARN 3228 --- [main] JpaBaseConfiguration$JpaWebConfiguration : spring.jpa.open-in-view is enabled by default. Therefore, database queries may be performed during view rendering. Explicitly configure spring.jpa.open-in-view to disable this warning
2026-06-09T10:53:29.306+03:00  INFO 3228 --- [main] o.s.b.a.e.web.EndpointLinksResolver      : Exposing 4 endpoint(s) beneath base path '/actuator'
2026-06-09T10:53:29.372+03:00  INFO 3228 --- [main] o.s.s.web.DefaultSecurityFilterChain     : Will secure any request with [org.springframework.security.web.session.DisableEncodeUrlFilter@7e199cec, org.springframework.security.web.context.request.async.WebAsyncManagerIntegrationFilter@5d965dbd, org.springframework.security.web.context.SecurityContextHolderFilter@bec2d81, org.springframework.security.web.header.HeaderWriterFilter@26e74d50, org.springframework.web.filter.CorsFilter@649df002, org.springframework.security.web.authentication.logout.LogoutFilter@509cf379, com.workflowsystem.demo.auth.security.JwtAuthenticationFilter@6888a33, org.springframework.security.web.savedrequest.RequestCacheAwareFilter@5d4f0fd5, org.springframework.security.web.servletapi.SecurityContextHolderAwareRequestFilter@4a9e6ea7, org.springframework.security.web.authentication.AnonymousAuthenticationFilter@6cd7d05, org.springframework.security.web.session.SessionManagementFilter@2c9573f1, org.springframework.security.web.access.ExceptionTranslationFilter@219aab91, org.springframework.security.web.access.intercept.AuthorizationFilter@58230224]
2026-06-09T10:53:29.803+03:00  INFO 3228 --- [main] o.s.b.w.embedded.tomcat.TomcatWebServer  : Tomcat started on port 8080 (http) with context path ''
2026-06-09T10:53:29.814+03:00  INFO 3228 --- [main] c.workflowsystem.demo.DemoApplication    : Started DemoApplication in 6.253 seconds (process running for 6.563)
2026-06-09T10:53:54.901+03:00  INFO 3228 --- [http-nio-8080-exec-1] o.a.c.c.C.[Tomcat].[localhost].[/]       : Initializing Spring DispatcherServlet 'dispatcherServlet'
2026-06-09T10:53:54.901+03:00  INFO 3228 --- [http-nio-8080-exec-1] o.s.web.servlet.DispatcherServlet        : Initializing Servlet 'dispatcherServlet'
2026-06-09T10:53:54.901+03:00  INFO 3228 --- [http-nio-8080-exec-1] o.s.web.servlet.DispatcherServlet        : Completed initialization in 0 ms
2026-06-09T10:53:55.796+03:00  INFO 3228 --- [http-nio-8080-exec-9] o.springdoc.api.AbstractOpenApiResource  : Init duration for springdoc-openapi is: 600 ms
2026-06-09T10:54:48.027+03:00  INFO 3228 --- [http-nio-8080-exec-10] c.w.demo.auth.service.AuthService        : Login attempt for email: birukg@eg.com
2026-06-09T10:57:46.851+03:00  INFO 3228 --- [SpringApplicationShutdownHook] j.LocalContainerEntityManagerFactoryBean : Closing JPA EntityManagerFactory for persistence unit 'default'
2026-06-09T10:57:46.851+03:00  INFO 3228 --- [SpringApplicationShutdownHook] com.zaxxer.hikari.HikariDataSource       : HikariPool-1 - Shutdown initiated...
2026-06-09T10:57:46.851+03:00  INFO 3228 --- [SpringApplicationShutdownHook] com.zaxxer.hikari.HikariDataSource       : HikariPool-1 - Shutdown completed.
